db_006a_54327330.pbm j
db_0048_54327331.pbm H
db_0047_54327333.pbm G
db_0042_54327334.pbm B
db_0061_54327335.pbm a
db_005a_54327336.pbm Z
db_0066_5432733c.pbm f
db_006e_5432733d.pbm n
db_0041_54327340.pbm A
db_004a_54327342.pbm J
db_0067_54327344.pbm g
db_0076_54327345.pbm v
db_004e_5432734c.pbm N
db_006b_5432734e.pbm k
db_004a_5432734f.pbm J
db_0068_54327350.pbm h
db_0034_54327351.pbm 4
db_006f_54327352.pbm o
db_0041_54327669.pbm A
db_007a_5432766a.pbm z
db_0071_5432766d.pbm q
db_0033_5432766e.pbm 3
db_0036_54327670.pbm 6
db_0043_5432767c.pbm C
db_0054_5432767d.pbm T
db_0037_54327680.pbm 7
db_004e_54327683.pbm N
db_0050_5432768e.pbm P
db_0039_5432768f.pbm 9
db_0031_54327690.pbm 1
db_0063_54327691.pbm c
db_0056_54327692.pbm V
db_0049_54327699.pbm I
db_0070_5432769a.pbm p
db_0044_5432769d.pbm D
db_004b_5432769e.pbm K
db_0051_543276cb.pbm Q
db_0055_543276cc.pbm U
db_0038_543276ce.pbm 8
db_004b_543276cf.pbm K
db_0054_543276dd.pbm T
db_0032_543276df.pbm 2
db_0073_543276e0.pbm s
db_0066_543276eb.pbm f
db_0072_5432772a.pbm r
db_004d_5432772c.pbm M
db_0054_5432773d.pbm T
db_0053_543277f9.pbm S
db_0079_543277fb.pbm y
db_0079_543277fe.pbm y
db_0057_54327800.pbm W
db_0064_54327801.pbm d
db_006f_5432790c.pbm o
db_0065_5432790e.pbm e
db_0076_54327916.pbm v
db_0062_54327918.pbm b
db_0077_54327919.pbm w
db_0035_54327986.pbm 5
db_0045_54327987.pbm E
db_0038_54327989.pbm 8
db_0079_543279b0.pbm y
db_0075_54327a38.pbm u
db_0074_54327a3a.pbm t
db_0052_54327a6d.pbm R
db_0035_54327a6e.pbm 5
db_0037_54327a7c.pbm 7
db_0058_54327ab3.pbm X
db_0059_54327ab4.pbm Y
db_004c_54327b1d.pbm L
db_0055_54327b1f.pbm U
db_0051_54327b66.pbm Q
db_0078_54327b68.pbm x
db_004e_54327b79.pbm N
db_0046_54327b86.pbm F
db_005a_54327e40.pbm Z
db_006d_54327e65.pbm m
db_0039_54327e7f.pbm 9
db_0054_54327e9e.pbm T
db_0052_54327ecf.pbm R
db_004a_54327ed1.pbm J
db_0071_54327f28.pbm q
db_0065_54327fc6.pbm e
db_004c_54327fd3.pbm L
db_0035_54327fd5.pbm 5
db_0073_54327fe1.pbm s
db_0052_54327fe5.pbm R
db_0057_54327fe6.pbm W
db_0078_543281ba.pbm x
db_0072_543281cd.pbm r
db_0075_543281cf.pbm u
db_0067_54328ca7.pbm g
db_0037_54328ca8.pbm 7
db_0056_54328cb5.pbm V
db_0078_54328cc9.pbm x
db_0058_54328e76.pbm X
db_0074_54328fe1.pbm t
db_0047_5432987b.pbm G
db_006d_5432b7f7.pbm m
db_0077_5432c1e2.pbm w
db_006d_5432c1e4.pbm m
db_0073_543396ea.pbm s
db_0070_543396f8.pbm p
db_0039_543396fa.pbm 9
db_006b_54339723.pbm k
db_0072_54339760.pbm r
db_004c_5433976d.pbm L
db_0063_5433978f.pbm c
db_006b_54339794.pbm k
db_0050_543397a0.pbm P
db_004b_543397a5.pbm "KT"
db_0031_543397a7.pbm 1
db_0065_543397b4.pbm "ec"
db_004d_543397c1.pbm M
db_0074_543397d1.pbm "tBT"
db_0061_543397da.pbm a
db_0053_543397e7.pbm "ST"
db_0061_543397f3.pbm a
db_0070_543397fd.pbm p
db_0068_54339807.pbm h
db_0074_54339809.pbm t
db_0046_54339815.pbm F
db_004e_5433981d.pbm N
db_0063_54339c6c.pbm c
db_0063_54339c7c.pbm c
db_0077_54339c7c.pbm w
db_0061_54339c84.pbm a
db_0041_54339c86.pbm A
db_006a_54339d36.pbm j
db_0062_5433a767.pbm b
db_0038_5433a76f.pbm 8
db_0066_5433bf0d.pbm f
db_0048_5433bf16.pbm H
db_0062_5433bf20.pbm b
db_007a_5433bf2b.pbm z
db_0032_5433c18e.pbm 2
db_0079_5433c195.pbm y
db_0051_5433c904.pbm Q
db_0058_5433c90a.pbm X
db_0047_5434108f.pbm G
db_0066_5434109c.pbm f
db_0078_5434ee25.pbm x
db_0043_5434ee27.pbm C
db_0036_5434ee2a.pbm 6
db_004b_5434ee2b.pbm K
db_0059_5434ee3d.pbm Y
db_0079_5434ee3f.pbm y
db_006e_5434ee49.pbm n
db_0072_5434ee51.pbm r
db_0044_5434ee53.pbm D
db_0047_5434ee62.pbm "Gz"
db_0070_5434ee66.pbm p
db_0052_5434ee72.pbm R
db_0061_5434ee74.pbm a
db_0077_5434ee75.pbm w
db_0065_5434ee85.pbm e
db_0056_5434ee88.pbm V
db_0063_5434ee9b.pbm c
db_0049_5434ee9c.pbm I
db_006b_5434ee9f.pbm k
db_0036_5434eea7.pbm 6
db_0078_5434eea9.pbm x
db_0044_5434eeab.pbm D
db_0032_5434eec6.pbm 2
db_007a_5434eedf.pbm z
db_0031_543554ea.pbm 1
db_004d_5436752c.pbm M
db_0064_54367535.pbm d
db_0062_5436753c.pbm b
db_0072_54367546.pbm r
db_006a_5436754d.pbm j
db_0037_54367563.pbm 7
db_0036_5436756e.pbm "6T"
db_0078_5436757d.pbm x
db_0033_5436a710.pbm 3
db_0050_5438322c.pbm P
db_006d_5438322e.pbm m
db_007a_543bb3f8.pbm z
db_0033_543bb3fa.pbm 3
db_0076_543bb414.pbm v
db_005a_543bb41d.pbm Z
db_0043_543bb41e.pbm C
db_0037_543bb426.pbm 7
db_0047_543bb42e.pbm G
db_0057_543bb438.pbm W
db_0046_543bb440.pbm F
db_0042_543bb442.pbm B
db_0038_543bb44a.pbm 8
db_0068_543bb45a.pbm h
db_0045_543bb45b.pbm E
db_0076_543bb464.pbm v
db_0075_543bb475.pbm u
db_006e_543bb480.pbm n
db_0043_543bb486.pbm C
db_0056_543e4370.pbm V
db_0041_543e4371.pbm A
db_0052_543fa3f8.pbm R
db_0046_543fa3ff.pbm F
db_007a_543fa401.pbm z
db_006b_543fa40b.pbm k
db_0058_543fa40c.pbm X
db_0057_543fa442.pbm "WT"
db_0039_543fa450.pbm "9T"
db_005a_543fa454.pbm Z
db_007a_543fa465.pbm z
db_0065_543fa466.pbm e
db_003c_543fa49a.pbm 003c
db_007a_543fa49f.pbm z
db_0067_543fa4b2.pbm g
db_0047_543fa4be.pbm "Gs"
db_0050_543fa4c9.pbm P
db_006d_543fa4cc.pbm m
db_0068_543fa4d6.pbm h
db_0064_543fa4dd.pbm d
db_0075_543fa4e5.pbm u
db_0063_543ff244.pbm c
db_0049_543ff24b.pbm I
db_0034_543ff254.pbm 4
db_006b_5440be55.pbm k
db_006b_5447961b.pbm "kT"
db_0050_5447962d.pbm P
db_0068_54479636.pbm h
db_0068_54479646.pbm "hT"
db_006f_5447964f.pbm o
db_0037_5447965a.pbm 7
db_0065_54479666.pbm e
db_0034_54479667.pbm 4
db_0065_54479671.pbm "ec"
db_0056_54479673.pbm V
db_0034_54479681.pbm 4
db_004c_54479698.pbm L
db_0031_544a37e8.pbm 1
db_0051_544a37eb.pbm Q
db_006a_544a37f3.pbm j
db_0032_544a37fa.pbm 2
db_0032_544a37fc.pbm 2
db_0052_544a3807.pbm R
db_004e_544a3811.pbm "NT"
db_0072_544a381c.pbm r
db_0062_544a3826.pbm b
db_0075_544a3829.pbm u
db_0032_544c4d22.pbm "2X"
db_0078_544c4d24.pbm x
db_004d_544cdaee.pbm "MX"
db_004d_544cdb0a.pbm "MX"
db_0051_544cdb0c.pbm Q
db_0062_544cdb0d.pbm b
db_0035_544cdb17.pbm 5
db_0072_544cdb19.pbm r
db_0048_544cdbb1.pbm H
db_0041_544cdbb2.pbm A
db_0035_544cdbbe.pbm 5
db_0036_544cde99.pbm 6
db_0036_544cdeaa.pbm 6
db_0036_544cdf2c.pbm 6
db_0038_544cdf3f.pbm 8
db_0072_544cdf40.pbm r
db_0064_544cdf42.pbm "dy"
db_0051_544cdf62.pbm "QxZ"
db_006d_544cdf71.pbm "m2"
db_0072_544cedd1.pbm r
db_0052_544cedd3.pbm R
db_0051_544d00e8.pbm "QM"
db_0079_544d00fa.pbm y
db_0064_544d00ff.pbm "dV"
db_0034_544d0101.pbm 4
db_0052_544d19a5.pbm R
db_0046_544d19d6.pbm "FXD"
db_0078_544d19e6.pbm "xD"
db_0051_544d6ac6.pbm "QA"
db_0072_544d6ad3.pbm r
db_0078_544d6ae1.pbm x
db_0055_544d6ae4.pbm "UY"
db_0058_544d6af5.pbm "X5"
db_0064_544d6b45.pbm d
db_0072_544d6b50.pbm r
db_006b_544d6b52.pbm "kN"
db_0034_544d6b53.pbm 4
db_0067_544d6bb3.pbm g
db_0057_544d6bc8.pbm "WL"
db_006d_544d6bf4.pbm "mP"
db_0068_544d6c01.pbm "hM"
db_0066_544d6c0d.pbm f
db_0064_544d6c12.pbm "dw"
db_006d_544e0720.pbm m
db_0051_544e1771.pbm Q
db_004e_544e1775.pbm N
db_0065_544e1779.pbm e
db_0034_544e1780.pbm 4
db_0032_544e1cee.pbm 2
db_0058_544e1cf2.pbm X
db_0051_544e1cf5.pbm Q
db_0070_544e1cf9.pbm p
db_0078_544e1cff.pbm x
db_0047_544e1d06.pbm G
db_0033_544e1d12.pbm 3
db_004a_544e1d16.pbm J
db_004d_544e1d19.pbm M
db_0058_544e1d1f.pbm X
db_0051_544e1d2d.pbm Q
db_0062_544e1d31.pbm b
db_0051_544e1d46.pbm Q
db_004e_544e1d4a.pbm N
db_0065_544e1d4e.pbm e
db_0034_544e1d69.pbm 4
db_0051_544e1d71.pbm Q
db_007a_544e1d75.pbm z
db_006e_544e1d7a.pbm n
db_007a_544e1d7f.pbm z
db_0066_544e1d82.pbm f
db_0068_544e1db6.pbm h
db_0046_544e1dba.pbm F
db_007a_544e1dc4.pbm z
db_007a_544e1dc9.pbm z
db_0035_544e1dec.pbm 5
db_0059_544e1df1.pbm Y
db_006b_544e1df5.pbm k
db_0054_544e1df8.pbm T
db_0065_544e1dfd.pbm e
db_0072_544e1e00.pbm r
db_0035_544e1e98.pbm 5
db_0079_544e1e9b.pbm y
db_0076_544e1ea0.pbm v
db_0068_544e1ea4.pbm h
db_0073_544e1ea8.pbm s
db_0043_544e1eac.pbm C
db_0036_544e1eb6.pbm 6
db_0061_544e1ec5.pbm a
db_0077_544e1ec8.pbm w
db_0064_544e1ecd.pbm d
db_0049_544e1ed1.pbm I
db_0035_544e1edb.pbm 5
db_0037_544e1edf.pbm 7
db_0055_544e1ee9.pbm U
db_0052_544e1eed.pbm R
db_004d_544e1ef0.pbm M
db_0068_544e1f5a.pbm h
db_0038_544e1f5e.pbm 8
db_0043_544e1f62.pbm C
db_0055_544e1f67.pbm U
db_004b_544e1f6b.pbm K
db_005a_544e1f70.pbm Z
db_0038_544e1f77.pbm 8
db_0075_544e1f7c.pbm u
db_0072_544e1f82.pbm r
db_0059_544e1f85.pbm Y
db_0054_544e1f89.pbm T
db_0064_544e1f8c.pbm d
db_0031_544e1f99.pbm 1
db_0032_544e1f9d.pbm 2
db_006e_544e1fa4.pbm n
db_0031_544e1fac.pbm 1
db_0072_544e1fb1.pbm r
db_0038_544e1fbb.pbm 8
db_0032_544e1fbe.pbm 2
db_0072_544e1fc2.pbm r
db_0064_544e1fc7.pbm d
db_0079_544e1fce.pbm y
db_0073_544e1fd1.pbm s
db_0068_544e1fde.pbm h
db_006d_544e1fe1.pbm m
db_0032_544e1fe4.pbm 2
db_0043_544e1fe8.pbm C
db_006b_544e1fef.pbm k
db_0051_544e1ffb.pbm Q
db_0078_544e1ffe.pbm x
db_005a_544e2002.pbm Z
db_0041_544e2005.pbm A
db_005a_544e200c.pbm Z
db_0072_544e2043.pbm r
db_004c_544e2046.pbm L
db_0033_544e204a.pbm 3
db_0061_544e2060.pbm a
db_0046_544e2066.pbm F
db_0044_544e2069.pbm D
db_0076_544e206d.pbm v
db_0064_544e2071.pbm d
db_0043_544e207d.pbm C
db_0049_544e2081.pbm I
db_0049_544e2091.pbm I
db_0068_544e2095.pbm h
db_0063_544e25d4.pbm c
db_0055_544e25d8.pbm U
db_0062_544e25dd.pbm b
db_0050_544e25e8.pbm P
db_0062_544e25ed.pbm b
db_0038_544e25f1.pbm 8
db_0063_544e25fb.pbm c
db_0079_544e25ff.pbm y
db_0078_544e2603.pbm x
db_005a_544e260c.pbm Z
db_0047_544e2611.pbm G
db_0064_544e262d.pbm d
db_0059_544e2631.pbm Y
db_0066_544e2636.pbm f
db_0056_544e263b.pbm V
db_0063_544e2641.pbm c
db_006e_544e2645.pbm n
db_0065_544e2652.pbm e
db_0037_544e2656.pbm 7
db_0032_544e265c.pbm 2
db_0037_544e2660.pbm 7
db_004d_544e2665.pbm M
db_0065_544e2671.pbm e
db_004a_544e2679.pbm J
db_006e_544e267d.pbm n
db_0079_544e2683.pbm y
db_005a_544e2688.pbm Z
db_0072_544e2695.pbm r
db_0045_544e269a.pbm E
db_0055_544e269e.pbm U
db_0076_544e26a1.pbm v
db_006e_544e26a6.pbm n
db_0052_544e26aa.pbm R
db_0045_544e26b4.pbm E
db_0058_544e26b7.pbm X
db_0051_544e26ba.pbm Q
db_004d_544e26be.pbm M
db_004b_544e26c2.pbm K
db_0065_544e27ca.pbm e
db_0079_544e27ce.pbm y
db_0071_544e27d2.pbm q
db_0077_544e27d5.pbm w
db_0058_544e27da.pbm X
db_0038_544e27dd.pbm 8
db_0046_544e27e7.pbm F
db_0031_544e27eb.pbm 1
db_0079_544e27ef.pbm y
db_0064_544e27fa.pbm d
db_0056_544e2803.pbm V
db_0034_544e2807.pbm 4
db_0068_544e2812.pbm h
db_0066_544e2816.pbm f
db_0062_544e281b.pbm b
db_0063_544e2820.pbm c
db_0059_544e2825.pbm Y
db_006f_544e2829.pbm o
db_0046_544e285b.pbm F
db_0067_544e285f.pbm g
db_0032_544e2863.pbm 2
db_0067_544e2866.pbm g
db_0079_544e286a.pbm y
db_0038_544e2873.pbm 8
db_0032_544e287b.pbm 2
db_0053_544e287e.pbm S
db_0053_544e2885.pbm S
db_0067_544e288b.pbm g
db_0036_544e288f.pbm 6
db_0044_544e2892.pbm D
db_006e_544e2895.pbm n
db_0067_544e28e3.pbm g
db_0057_544e28e6.pbm W
db_0039_544e28eb.pbm 9
db_004d_544e28f0.pbm M
db_0049_544e28f3.pbm I
db_006e_544e28f7.pbm n
db_0066_544e28ff.pbm f
db_0067_544e2903.pbm g
db_0041_544e2909.pbm A
db_0036_544e290d.pbm 6
db_0043_544e2921.pbm C
db_0047_544e2e36.pbm G
db_0067_544e2e3b.pbm g
db_0074_544e2e41.pbm t
db_0033_544e2e4a.pbm 3
db_0047_544e2e61.pbm G
db_006b_544e2e67.pbm k
db_006b_544e2e69.pbm k
db_0072_544e2e6d.pbm r
db_0034_544e2e71.pbm 4
db_0052_544e2e74.pbm R
db_0062_544e2e77.pbm b
db_0072_544e3745.pbm r
db_004c_544e3749.pbm L
db_004d_544e374c.pbm M
db_004e_544e375d.pbm N
db_0037_544e3766.pbm 7
db_0078_544e376b.pbm x
db_004d_544e3773.pbm M
db_0046_544e377e.pbm F
db_0058_544e3781.pbm X
db_0044_544e3785.pbm D
db_0048_544e3788.pbm H
db_006f_544e378c.pbm o
db_0054_544e3790.pbm T
db_0048_544e379f.pbm H
db_0058_544e37a4.pbm X
db_0071_544e37a8.pbm q
db_0075_544e37ae.pbm u
db_0049_544e37b2.pbm I
db_0067_544e37b9.pbm g
db_0049_544e3803.pbm I
db_0078_544e3809.pbm x
db_0044_544e380c.pbm D
db_0063_544e3813.pbm c
db_0047_544e3818.pbm G
db_0050_544e3824.pbm P
db_006d_544e3828.pbm m
db_007a_544e39df.pbm z
db_0037_544e39e9.pbm 7
db_0038_544e39ed.pbm 8
db_0051_544e39f3.pbm Q
db_007a_544e3a01.pbm z
db_006d_544e3a04.pbm m
db_0037_544e3a07.pbm 7
db_0038_544e3a0d.pbm 8
db_0051_544e3a11.pbm Q
db_0036_544e3a24.pbm 6
db_0078_544e3a4a.pbm x
db_0044_544e3a4e.pbm D
db_0063_544e3a52.pbm c
db_0047_544e3a56.pbm G
db_0050_544e3a64.pbm P
db_006d_544e3a67.pbm m
db_0058_544e3a6b.pbm X
db_0051_544e3a6f.pbm Q
db_004d_544e3a74.pbm M
db_0056_544e3a81.pbm V
db_0056_544e3a86.pbm V
db_0068_544e3a8c.pbm h
db_0070_544e3a91.pbm p
db_0062_544e3a96.pbm b
db_0052_544e3aa1.pbm R
db_0032_544e3aa4.pbm 2
db_006a_544e3aa9.pbm j
db_0031_544e3aad.pbm 1
db_004e_544e3ab1.pbm N
db_0032_544e3ab5.pbm 2
db_004a_544e3ac0.pbm J
db_0037_544e3ac8.pbm 7
db_0047_544e3acf.pbm G
db_0061_544e3ad3.pbm a
db_004a_544e3adf.pbm J
db_006a_544e3ae4.pbm j
db_0051_544e3ae7.pbm Q
db_0041_544e3aec.pbm A
db_0053_544e3aef.pbm S
db_0071_544e3b49.pbm q
db_004a_544e3b4e.pbm J
db_0074_544e3b53.pbm t
db_0077_544e3b58.pbm w
db_0072_544e3b5f.pbm r
db_006a_544e3b7b.pbm j
db_0055_544e3b80.pbm U
db_004b_544e3b84.pbm K
db_0057_544e3b88.pbm W
db_0078_544e3b8b.pbm x
db_0032_544e3b8f.pbm 2
db_004a_544e3b98.pbm J
db_0078_544e3b9b.pbm x
db_0055_544e3ba0.pbm U
db_0059_544e3ba4.pbm Y
db_0076_544e3ba9.pbm v
db_0058_544e3bb9.pbm X
db_0035_544e3bbf.pbm 5
db_006d_544e3bc3.pbm m
db_0066_544e3bc7.pbm f
db_0053_544e3bcb.pbm S
db_0074_544e3bd1.pbm t
db_006b_544e3bdb.pbm k
db_006a_544e3bdf.pbm j
db_004b_544e3be3.pbm K
db_0058_544e3be9.pbm X
db_0045_544e3bec.pbm E
db_0038_544e3bf1.pbm 8
db_0072_544e3cbe.pbm r
db_006b_544e3cc4.pbm k
db_004e_544e3cc7.pbm N
db_004b_544e3ccb.pbm K
db_004e_544e3ce0.pbm N
db_006b_544e3cec.pbm k
db_0054_544e3cf4.pbm T
db_0066_544e3cff.pbm f
db_0062_544e3d05.pbm b
db_0068_544e3d0e.pbm h
db_0052_544e3d12.pbm R
db_0062_544e3d19.pbm b
db_0068_544e3d1d.pbm h
db_0052_544e3d24.pbm R
db_004b_544e3d2f.pbm K
db_0053_544e3d39.pbm S
db_0041_544e3d3b.pbm A
db_0039_544e3d40.pbm 9
db_0057_544e3d43.pbm W
db_0076_544e3dcb.pbm v
db_0058_544e3dce.pbm X
db_0043_544e3dd1.pbm C
db_0066_544e3ddd.pbm f
db_004b_544e3de0.pbm K
db_003c_544e3de5.pbm z
db_0056_544e3e0b.pbm V
db_006f_544e3e0f.pbm o
db_0079_544e3e13.pbm y
db_0055_544e3e2f.pbm U
db_0031_544e3e35.pbm 1
db_0070_544e3e3a.pbm p
db_0071_544e3e3e.pbm q
db_0075_544e3e42.pbm u
db_003c_544e3e4b.pbm z
db_0043_544e3e71.pbm C
db_006d_544e3e74.pbm m
db_006a_544e3e79.pbm j
db_0076_544e3e7c.pbm v
db_0068_544e3e81.pbm h
db_004d_544e3e93.pbm M
db_006b_544e3e98.pbm k
db_0059_544e3e9c.pbm Y
db_004b_544e3ea0.pbm K
db_0044_544e3ea5.pbm D
db_004d_544e3ead.pbm M
db_0072_544e3eb1.pbm r
db_0071_544e3eb5.pbm q
db_004d_544e3eb9.pbm M
db_006e_544e3ece.pbm n
db_0041_544e3ed1.pbm A
db_0064_544e3ed6.pbm d
db_0064_544e3eda.pbm d
db_006f_544e3ee2.pbm o
db_0066_544e3ee6.pbm f
db_0077_544e3ef3.pbm w
db_0071_544e3ef7.pbm q
db_0066_544e3efa.pbm f
db_0036_544e3f00.pbm 6
db_006e_544e3f0d.pbm n
db_0058_544e3f11.pbm X
db_0048_544e3f15.pbm H
db_004d_544e3f19.pbm M
db_0078_544e3f1d.pbm x
db_0078_544e3f20.pbm x
db_006d_544e59f1.pbm m
db_0046_544e5fbb.pbm F
db_0070_544e63c1.pbm p
db_0062_544e63c4.pbm b
db_0074_544e63c8.pbm t
db_0062_544e63d3.pbm b
db_0037_544e63e4.pbm 7
db_0070_544e63f7.pbm p
db_0071_544e63fb.pbm q
db_0063_544e63fe.pbm c
db_0068_544e6402.pbm h
db_0061_544e6405.pbm a
db_004e_544e6408.pbm N
db_0072_544e6417.pbm r
db_0057_544e641a.pbm W
db_004c_544e641f.pbm L
db_0049_544e6426.pbm I
db_0051_544e6431.pbm Q
db_006d_544e6438.pbm m
db_0050_544e643c.pbm P
db_0038_544e6440.pbm 8
db_0058_544e6444.pbm X
db_0051_544e6448.pbm Q
db_0051_544e6453.pbm Q
db_0066_544e6457.pbm f
db_006b_544e645b.pbm k
db_0064_544e645f.pbm d
db_0077_544e6464.pbm w
db_0052_544e6469.pbm R
db_0051_544e6472.pbm Q
db_0047_544e6477.pbm G
db_0068_544e647c.pbm h
db_004d_544e647f.pbm M
db_0067_544e6488.pbm g
db_0071_544e6491.pbm q
db_004d_544e6495.pbm M
db_0051_544e6498.pbm Q
db_006b_544e649f.pbm k
db_0061_544e64a2.pbm a
db_0071_544e64ad.pbm q
db_0064_544e64b0.pbm d
db_005a_544e64b3.pbm Z
db_0074_544e64b7.pbm t
db_004a_544e64ba.pbm J
db_0033_544e64be.pbm 3
db_0071_544e64c7.pbm q
db_0059_544e64cc.pbm Y
db_0068_544e64d0.pbm h
db_0051_544e6544.pbm Q
db_0065_544e6548.pbm e
db_0064_544e654b.pbm d
db_0052_544e655f.pbm R
db_0048_544e6562.pbm H
db_0058_544e6566.pbm X
db_005a_544e65a9.pbm Z
db_005a_544e65c5.pbm Z
db_0042_544e65de.pbm B
db_0073_544e65f1.pbm s
db_0070_544e6642.pbm p
db_006d_544e6656.pbm m
db_0078_544e6668.pbm x
db_0034_544e66b7.pbm 4
db_0076_544e66c5.pbm v
db_0079_544e66d5.pbm y
db_006f_544e670f.pbm o
db_006d_544e672c.pbm m
db_006f_544e675a.pbm o
db_0063_544e6766.pbm c
db_0048_544e680b.pbm H
db_0074_544e6812.pbm t
db_0076_544e6825.pbm v
db_0073_544e6832.pbm s
db_0043_544e6860.pbm C
db_0031_544e688c.pbm 1
db_0036_544e68aa.pbm 6
db_004b_544e68f9.pbm K
db_0078_544e6918.pbm x
db_0068_544e6bd5.pbm h
db_0078_544e6bec.pbm x
db_0042_544e6bf2.pbm B
db_0041_544e6c0e.pbm A
db_0047_544e6c6b.pbm G
