db_006a_54327330.pbm j
db_0048_54327331.pbm H
db_0047_54327333.pbm G
db_0042_54327334.pbm B
db_0061_54327335.pbm a
db_005a_54327336.pbm Z
db_0066_5432733c.pbm f
db_006e_5432733d.pbm n
db_0041_54327340.pbm A
db_004a_54327342.pbm J
db_0067_54327344.pbm g
db_0076_54327345.pbm v
db_004e_5432734c.pbm N
db_006b_5432734e.pbm k
db_004a_5432734f.pbm J
db_0068_54327350.pbm h
db_0034_54327351.pbm 4
db_006f_54327352.pbm o
db_0041_54327669.pbm A
db_007a_5432766a.pbm z
db_0071_5432766d.pbm q
db_0033_5432766e.pbm 3
db_0036_54327670.pbm 6
db_0043_5432767c.pbm C
db_0054_5432767d.pbm T
db_0037_54327680.pbm 7
db_004e_54327683.pbm N
db_0050_5432768e.pbm P
db_0039_5432768f.pbm 9
db_0031_54327690.pbm 1
db_0063_54327691.pbm c
db_0056_54327692.pbm V
db_0049_54327699.pbm I
db_0070_5432769a.pbm p
db_0044_5432769d.pbm D
db_004b_5432769e.pbm K
db_0051_543276cb.pbm Q
db_0055_543276cc.pbm U
db_0038_543276ce.pbm 8
db_004b_543276cf.pbm K
db_0054_543276dd.pbm T
db_0032_543276df.pbm 2
db_0073_543276e0.pbm s
db_0066_543276eb.pbm f
db_0072_5432772a.pbm r
db_004d_5432772c.pbm M
db_0054_5432773d.pbm T
db_0053_543277f9.pbm S
db_0079_543277fb.pbm y
db_0079_543277fe.pbm y
db_0057_54327800.pbm W
db_0064_54327801.pbm d
db_006f_5432790c.pbm o
db_0065_5432790e.pbm e
db_0076_54327916.pbm v
db_0062_54327918.pbm b
db_0077_54327919.pbm w
db_0035_54327986.pbm 5
db_0045_54327987.pbm E
db_0038_54327989.pbm 8
db_0079_543279b0.pbm y
db_0075_54327a38.pbm u
db_0074_54327a3a.pbm t
db_0052_54327a6d.pbm R
db_0035_54327a6e.pbm 5
db_0037_54327a7c.pbm 7
db_0058_54327ab3.pbm X
db_0059_54327ab4.pbm Y
db_004c_54327b1d.pbm L
db_0055_54327b1f.pbm U
db_0051_54327b66.pbm Q
db_0078_54327b68.pbm x
db_004e_54327b79.pbm N
db_0046_54327b86.pbm F
db_005a_54327e40.pbm Z
db_006d_54327e65.pbm m
db_0039_54327e7f.pbm 9
db_0054_54327e9e.pbm T
db_0052_54327ecf.pbm R
db_004a_54327ed1.pbm J
db_0071_54327f28.pbm q
db_0065_54327fc6.pbm e
db_004c_54327fd3.pbm L
db_0035_54327fd5.pbm 5
db_0073_54327fe1.pbm s
db_0052_54327fe5.pbm R
db_0057_54327fe6.pbm W
db_0078_543281ba.pbm x
db_0072_543281cd.pbm r
db_0075_543281cf.pbm u
db_0067_54328ca7.pbm g
db_0037_54328ca8.pbm 7
db_0056_54328cb5.pbm V
db_0078_54328cc9.pbm x
db_0058_54328e76.pbm X
db_0074_54328fe1.pbm t
db_0047_5432987b.pbm G
db_006d_5432b7f7.pbm m
db_0077_5432c1e2.pbm w
db_006d_5432c1e4.pbm m
db_0073_543396ea.pbm s
db_0070_543396f8.pbm p
db_0039_543396fa.pbm 9
db_006b_54339723.pbm k
db_0072_54339760.pbm r
db_004c_5433976d.pbm L
db_0063_5433978f.pbm c
db_006b_54339794.pbm k
db_0050_543397a0.pbm P
db_004b_543397a5.pbm "KT"
db_0031_543397a7.pbm 1
db_0065_543397b4.pbm "ec"
db_004d_543397c1.pbm M
db_0074_543397d1.pbm "tBT"
db_0061_543397da.pbm a
db_0053_543397e7.pbm "ST"
db_0061_543397f3.pbm a
db_0070_543397fd.pbm p
db_0068_54339807.pbm h
db_0074_54339809.pbm t
db_0046_54339815.pbm F
db_004e_5433981d.pbm N
db_0063_54339c6c.pbm c
db_0063_54339c7c.pbm c
db_0077_54339c7c.pbm w
db_0061_54339c84.pbm a
db_0041_54339c86.pbm A
db_006a_54339d36.pbm j
db_0062_5433a767.pbm b
db_0038_5433a76f.pbm 8
db_0066_5433bf0d.pbm f
db_0048_5433bf16.pbm H
db_0062_5433bf20.pbm b
db_007a_5433bf2b.pbm z
db_0032_5433c18e.pbm 2
db_0079_5433c195.pbm y
db_0051_5433c904.pbm Q
db_0058_5433c90a.pbm X
db_0047_5434108f.pbm G
db_0066_5434109c.pbm f
db_0078_5434ee25.pbm x
db_0043_5434ee27.pbm C
db_0036_5434ee2a.pbm 6
db_004b_5434ee2b.pbm K
db_0059_5434ee3d.pbm Y
db_0079_5434ee3f.pbm y
db_006e_5434ee49.pbm n
db_0072_5434ee51.pbm r
db_0044_5434ee53.pbm D
db_0047_5434ee62.pbm "Gz"
db_0070_5434ee66.pbm p
db_0052_5434ee72.pbm R
db_0061_5434ee74.pbm a
db_0077_5434ee75.pbm w
db_0065_5434ee85.pbm e
db_0056_5434ee88.pbm V
db_0063_5434ee9b.pbm c
db_0049_5434ee9c.pbm I
db_006b_5434ee9f.pbm k
db_0036_5434eea7.pbm 6
db_0078_5434eea9.pbm x
db_0044_5434eeab.pbm D
db_0032_5434eec6.pbm 2
db_007a_5434eedf.pbm z
