db_006a_54327330.pbm j
db_0048_54327331.pbm H
db_0047_54327333.pbm G
db_0042_54327334.pbm B
db_0061_54327335.pbm a
db_005a_54327336.pbm Z
db_0066_5432733c.pbm f
db_006e_5432733d.pbm n
db_0041_54327340.pbm A
db_004a_54327342.pbm J
db_0067_54327344.pbm g
db_0076_54327345.pbm v
db_004e_5432734c.pbm N
db_006b_5432734e.pbm k
db_004a_5432734f.pbm J
db_0068_54327350.pbm h
db_0034_54327351.pbm 4
db_006f_54327352.pbm o
db_0041_54327669.pbm A
db_007a_5432766a.pbm z
db_0071_5432766d.pbm q
db_0033_5432766e.pbm 3
db_0036_54327670.pbm 6
db_0043_5432767c.pbm C
db_0054_5432767d.pbm T
db_0037_54327680.pbm 7
db_004e_54327683.pbm N
db_0050_5432768e.pbm P
db_0039_5432768f.pbm 9
db_0031_54327690.pbm 1
db_0063_54327691.pbm c
db_0056_54327692.pbm V
db_0049_54327699.pbm I
db_0070_5432769a.pbm p
db_0044_5432769d.pbm D
db_004b_5432769e.pbm K
db_0051_543276cb.pbm Q
db_0055_543276cc.pbm U
db_0038_543276ce.pbm 8
db_004b_543276cf.pbm K
db_0054_543276dd.pbm T
db_0032_543276df.pbm 2
db_0073_543276e0.pbm s
db_0066_543276eb.pbm f
db_0072_5432772a.pbm r
db_004d_5432772c.pbm M
db_0054_5432773d.pbm T
db_0053_543277f9.pbm S
db_0079_543277fb.pbm y
db_0079_543277fe.pbm y
db_0057_54327800.pbm W
db_0064_54327801.pbm d
db_006f_5432790c.pbm o
db_0065_5432790e.pbm e
db_0076_54327916.pbm v
db_0062_54327918.pbm b
db_0077_54327919.pbm w
db_0035_54327986.pbm 5
db_0045_54327987.pbm E
db_0038_54327989.pbm 8
db_0079_543279b0.pbm y
db_0075_54327a38.pbm u
db_0074_54327a3a.pbm t
db_0052_54327a6d.pbm R
db_0035_54327a6e.pbm 5
db_0037_54327a7c.pbm 7
db_0058_54327ab3.pbm X
db_0059_54327ab4.pbm Y
db_004c_54327b1d.pbm L
db_0055_54327b1f.pbm U
db_0051_54327b66.pbm Q
db_0078_54327b68.pbm x
db_004e_54327b79.pbm N
db_0046_54327b86.pbm F
db_005a_54327e40.pbm Z
db_006d_54327e65.pbm m
db_0039_54327e7f.pbm 9
db_0054_54327e9e.pbm T
db_0052_54327ecf.pbm R
db_004a_54327ed1.pbm J
db_0071_54327f28.pbm q
db_0065_54327fc6.pbm e
db_004c_54327fd3.pbm L
db_0035_54327fd5.pbm 5
db_0073_54327fe1.pbm s
db_0052_54327fe5.pbm R
db_0057_54327fe6.pbm W
db_0078_543281ba.pbm x
db_0072_543281cd.pbm r
db_0075_543281cf.pbm u
db_0067_54328ca7.pbm g
db_0037_54328ca8.pbm 7
db_0056_54328cb5.pbm V
db_0078_54328cc9.pbm x
db_0058_54328e76.pbm X
db_0074_54328fe1.pbm t
db_0047_5432987b.pbm G
db_006d_5432b7f7.pbm m
db_0077_5432c1e2.pbm w
db_006d_5432c1e4.pbm m
db_0073_543396ea.pbm s
db_0070_543396f8.pbm p
db_0039_543396fa.pbm 9
db_006b_54339723.pbm k
db_0072_54339760.pbm r
db_004c_5433976d.pbm L
db_0063_5433978f.pbm c
db_006b_54339794.pbm k
db_0050_543397a0.pbm P
db_004b_543397a5.pbm "KT"
db_0031_543397a7.pbm 1
db_0065_543397b4.pbm "ec"
db_004d_543397c1.pbm M
db_0074_543397d1.pbm "tBT"
db_0061_543397da.pbm a
db_0053_543397e7.pbm "ST"
db_0061_543397f3.pbm a
db_0070_543397fd.pbm p
db_0068_54339807.pbm h
db_0074_54339809.pbm t
db_0046_54339815.pbm F
db_004e_5433981d.pbm N
db_0063_54339c6c.pbm c
db_0063_54339c7c.pbm c
db_0077_54339c7c.pbm w
db_0061_54339c84.pbm a
db_0041_54339c86.pbm A
db_006a_54339d36.pbm j
db_0062_5433a767.pbm b
db_0038_5433a76f.pbm 8
db_0066_5433bf0d.pbm f
db_0048_5433bf16.pbm H
db_0062_5433bf20.pbm b
db_007a_5433bf2b.pbm z
db_0032_5433c18e.pbm 2
db_0079_5433c195.pbm y
db_0051_5433c904.pbm Q
db_0058_5433c90a.pbm X
db_0047_5434108f.pbm G
db_0066_5434109c.pbm f
db_0078_5434ee25.pbm x
db_0043_5434ee27.pbm C
db_0036_5434ee2a.pbm 6
db_004b_5434ee2b.pbm K
db_0059_5434ee3d.pbm Y
db_0079_5434ee3f.pbm y
db_006e_5434ee49.pbm n
db_0072_5434ee51.pbm r
db_0044_5434ee53.pbm D
db_0047_5434ee62.pbm "Gz"
db_0070_5434ee66.pbm p
db_0052_5434ee72.pbm R
db_0061_5434ee74.pbm a
db_0077_5434ee75.pbm w
db_0065_5434ee85.pbm e
db_0056_5434ee88.pbm V
db_0063_5434ee9b.pbm c
db_0049_5434ee9c.pbm I
db_006b_5434ee9f.pbm k
db_0036_5434eea7.pbm 6
db_0078_5434eea9.pbm x
db_0044_5434eeab.pbm D
db_0032_5434eec6.pbm 2
db_007a_5434eedf.pbm z
db_0031_543554ea.pbm 1
db_004d_5436752c.pbm M
db_0064_54367535.pbm d
db_0062_5436753c.pbm b
db_0072_54367546.pbm r
db_006a_5436754d.pbm j
db_0037_54367563.pbm 7
db_0036_5436756e.pbm "6T"
db_0078_5436757d.pbm x
db_0033_5436a710.pbm 3
db_0050_5438322c.pbm P
db_006d_5438322e.pbm m
db_007a_543bb3f8.pbm z
db_0033_543bb3fa.pbm 3
db_0076_543bb414.pbm v
db_005a_543bb41d.pbm Z
db_0043_543bb41e.pbm C
db_0037_543bb426.pbm 7
db_0047_543bb42e.pbm G
db_0057_543bb438.pbm W
db_0046_543bb440.pbm F
db_0042_543bb442.pbm B
db_0038_543bb44a.pbm 8
db_0068_543bb45a.pbm h
db_0045_543bb45b.pbm E
db_0076_543bb464.pbm v
db_0075_543bb475.pbm u
db_006e_543bb480.pbm n
db_0043_543bb486.pbm C
db_0056_543e4370.pbm V
db_0041_543e4371.pbm A
db_0052_543fa3f8.pbm R
db_0046_543fa3ff.pbm F
db_007a_543fa401.pbm z
db_006b_543fa40b.pbm k
db_0058_543fa40c.pbm X
db_0057_543fa442.pbm "WT"
db_0039_543fa450.pbm "9T"
db_005a_543fa454.pbm Z
db_007a_543fa465.pbm z
db_0065_543fa466.pbm e
db_003c_543fa49a.pbm 003c
db_007a_543fa49f.pbm z
db_0067_543fa4b2.pbm g
db_0047_543fa4be.pbm "Gs"
db_0050_543fa4c9.pbm P
db_006d_543fa4cc.pbm m
db_0068_543fa4d6.pbm h
db_0064_543fa4dd.pbm d
db_0075_543fa4e5.pbm u
db_0063_543ff244.pbm c
db_0049_543ff24b.pbm I
db_0034_543ff254.pbm 4
db_006b_5440be55.pbm k
db_006b_5447961b.pbm "kT"
db_0050_5447962d.pbm P
db_0068_54479636.pbm h
db_0068_54479646.pbm "hT"
db_006f_5447964f.pbm o
db_0037_5447965a.pbm 7
db_0065_54479666.pbm e
db_0034_54479667.pbm 4
db_0065_54479671.pbm "ec"
db_0056_54479673.pbm V
db_0034_54479681.pbm 4
db_004c_54479698.pbm L
db_0031_544a37e8.pbm 1
db_0051_544a37eb.pbm Q
db_006a_544a37f3.pbm j
db_0032_544a37fa.pbm 2
db_0032_544a37fc.pbm 2
db_0052_544a3807.pbm R
db_004e_544a3811.pbm "NT"
db_0072_544a381c.pbm r
db_0062_544a3826.pbm b
db_0075_544a3829.pbm u
db_0032_544c4d22.pbm "2X"
db_0078_544c4d24.pbm x
db_004d_544cdaee.pbm "MX"
db_004d_544cdb0a.pbm "MX"
db_0051_544cdb0c.pbm Q
db_0035_544cdb17.pbm 5
db_0072_544cdb19.pbm r
db_0048_544cdbb1.pbm H
db_0041_544cdbb2.pbm A
db_0035_544cdbbe.pbm 5
db_0036_544cde99.pbm 6
db_0036_544cdeaa.pbm 6
db_0036_544cdf2c.pbm 6
db_0038_544cdf3f.pbm 8
db_0072_544cdf40.pbm r
db_0064_544cdf42.pbm "dy"
db_0051_544cdf62.pbm "QxZ"
db_006d_544cdf71.pbm "m2"
db_0072_544cedd1.pbm r
db_0052_544cedd3.pbm R
db_0051_544d00e8.pbm "QM"
db_0079_544d00fa.pbm y
db_0064_544d00ff.pbm "dV"
db_0034_544d0101.pbm 4
db_0052_544d19a5.pbm R
db_0046_544d19d6.pbm "FXD"
db_0078_544d19e6.pbm "xD"
db_0051_544d6ac6.pbm "QA"
db_0072_544d6ad3.pbm r
db_0078_544d6ae1.pbm x
db_0055_544d6ae4.pbm "UY"
db_0058_544d6af5.pbm "X5"
db_0064_544d6b45.pbm d
db_0072_544d6b50.pbm r
db_006b_544d6b52.pbm "kN"
db_0034_544d6b53.pbm 4
db_0067_544d6bb3.pbm g
db_0057_544d6bc8.pbm "WL"
db_006d_544d6bf4.pbm "mP"
db_0068_544d6c01.pbm "hM"
db_0066_544d6c0d.pbm f
db_0064_544d6c12.pbm "dw"
db_006d_544e0720.pbm m
